<?xml version="1.0" encoding="UTF-8"?>
<!-- Generated by org.testng.reporters.JUnitReportReporter -->
<testsuite skipped="0" hostname="DESKTOP-BD2581E" name="StepsDefinition.TestRunner" tests="3" failures="0" timestamp="27 Oct 2020 08:29:05 GMT" time="7.678" errors="0">
  <testcase name="validate_positive_response_code_received" time="0.007" classname="StepsDefinition.TestRunner"/>
  <testcase name="api_for_foreign_Exchange" time="0.704" classname="StepsDefinition.TestRunner"/>
  <testcase name="posted_with_future_date_information" time="6.967" classname="StepsDefinition.TestRunner"/>
</testsuite> <!-- StepsDefinition.TestRunner -->
